<?xml version="1.0" encoding="UTF-8"?>
<testng-results ignored="0" total="1" passed="1" failed="0" skipped="0">
  <reporter-output>
  </reporter-output>
  <suite started-at="2021-03-25T20:09:51Z" name="Surefire suite" finished-at="2021-03-25T20:09:57Z" duration-ms="5862">
    <groups>
    </groups>
    <test started-at="2021-03-25T20:09:51Z" name="Surefire test" finished-at="2021-03-25T20:09:57Z" duration-ms="5862">
      <class name="Tests.LoginPTest">
        <test-method is-config="true" signature="initDriver()[pri:0, instance:Tests.LoginPTest@7b02e036]" started-at="2021-03-25T20:09:51Z" name="initDriver" finished-at="2021-03-25T20:09:55Z" duration-ms="3464" status="PASS">
          <reporter-output>
          </reporter-output>
        </test-method> <!-- initDriver -->
        <test-method signature="userCanLogin()[pri:0, instance:Tests.LoginPTest@7b02e036]" started-at="2021-03-25T20:09:55Z" name="userCanLogin" description="User is able to login:" finished-at="2021-03-25T20:09:57Z" duration-ms="2180" status="PASS">
          <reporter-output>
          </reporter-output>
        </test-method> <!-- userCanLogin -->
        <test-method is-config="true" signature="quitDriver()[pri:0, instance:Tests.LoginPTest@7b02e036]" started-at="2021-03-25T20:09:57Z" name="quitDriver" finished-at="2021-03-25T20:09:57Z" duration-ms="88" status="PASS">
          <reporter-output>
          </reporter-output>
        </test-method> <!-- quitDriver -->
      </class> <!-- Tests.LoginPTest -->
    </test> <!-- Surefire test -->
  </suite> <!-- Surefire suite -->
</testng-results>
